#
# There is insufficient memory for the Java Runtime Environment to continue.
# Native memory allocation (mmap) failed to map 132120576 bytes for G1 virtual space
# Possible reasons:
#   The system is out of physical RAM or swap space
#   The process is running with CompressedOops enabled, and the Java Heap may be blocking the growth of the native heap
# Possible solutions:
#   Reduce memory load on the system
#   Increase physical memory or swap space
#   Check if swap backing store is full
#   Decrease Java heap size (-Xmx/-Xms)
#   Decrease number of Java threads
#   Decrease Java thread stack sizes (-Xss)
#   Set larger code cache with -XX:ReservedCodeCacheSize=
#   JVM is running with Unscaled Compressed Oops mode in which the Java heap is
#     placed in the first 4GB address space. The Java Heap base address is the
#     maximum limit for the native heap growth. Please use -XX:HeapBaseMinAddress
#     to set the Java Heap base and to place the Java Heap above 4GB virtual address.
# This output file may be truncated or incomplete.
#
#  Out of Memory Error (os_windows.cpp:3600), pid=34224, tid=27488
#
# JRE version:  (21.0.2+13) (build )
# Java VM: Java HotSpot(TM) 64-Bit Server VM (21.0.2+13-LTS-58, mixed mode, sharing, tiered, compressed oops, compressed class ptrs, g1 gc, windows-amd64)
# No core dump will be written. Minidumps are not enabled by default on client versions of Windows
#

---------------  S U M M A R Y ------------

Command Line: -Dfile.encoding=UTF-8 --module-path=E:\Java Projects\Bank Management System\build\classes bank.management.system.SignupThree

Host: 11th Gen Intel(R) Core(TM) i3-1115G4 @ 3.00GHz, 4 cores, 7G,  Windows 11 , 64 bit Build 22621 (10.0.22621.3085)
Time: Sun Feb 25 20:41:42 2024 India Standard Time elapsed time: 0.065226 seconds (0d 0h 0m 0s)

---------------  T H R E A D  ---------------

Current thread (0x0000018b773d1680):  JavaThread "Unknown thread" [_thread_in_vm, id=27488, stack(0x0000000ff1b00000,0x0000000ff1c00000) (1024K)]

Stack: [0x0000000ff1b00000,0x0000000ff1c00000]
Native frames: (J=compiled Java code, j=interpreted, Vv=VM code, C=native code)
V  [jvm.dll+0x6cade9]
V  [jvm.dll+0x8569c1]
V  [jvm.dll+0x858d2e]
V  [jvm.dll+0x859413]
V  [jvm.dll+0x280e56]
V  [jvm.dll+0x6c74d5]
V  [jvm.dll+0x6bbeca]
V  [jvm.dll+0x355bca]
V  [jvm.dll+0x35d816]
V  [jvm.dll+0x3ae67e]
V  [jvm.dll+0x3ae928]
V  [jvm.dll+0x3295dc]
V  [jvm.dll+0x32a16b]
V  [jvm.dll+0x81efa9]
V  [jvm.dll+0x3bba01]
V  [jvm.dll+0x807928]
V  [jvm.dll+0x44f50e]
V  [jvm.dll+0x450e11]
C  [jli.dll+0x52a3]
C  [ucrtbase.dll+0x29363]
C  [KERNEL32.DLL+0x1257d]
C  [ntdll.dll+0x5aa58]


---------------  P R O C E S S  ---------------

Threads class SMR info:
_java_thread_list=0x00007ffb64c4bb88, length=0, elements={
}

Java Threads: ( => current thread )
Total: 0

Other Threads:
  0x0000018b795b4c20 WorkerThread "GC Thread#0"                     [id=20904, stack(0x0000000ff1c00000,0x0000000ff1d00000) (1024K)]
  0x0000018b795c55d0 ConcurrentGCThread "G1 Main Marker"            [id=11456, stack(0x0000000ff1d00000,0x0000000ff1e00000) (1024K)]
  0x0000018b795c6280 WorkerThread "G1 Conc#0"                       [id=15320, stack(0x0000000ff1e00000,0x0000000ff1f00000) (1024K)]

[error occurred during error reporting (printing all threads), id 0xc0000005, EXCEPTION_ACCESS_VIOLATION (0xc0000005) at pc=0x00007ffb643bc6a7]
VM state: not at safepoint (not fully initialized)

VM Mutex/Monitor currently owned by a thread:  ([mutex/lock_event])
[0x00007ffb64cbce68] Heap_lock - owner thread: 0x0000018b773d1680

Heap address: 0x0000000083200000, size: 1998 MB, Compressed Oops mode: 32-bit

CDS archive(s) mapped at: [0x0000000000000000-0x0000000000000000-0x0000000000000000), size 0, SharedBaseAddress: 0x0000000800000000, ArchiveRelocationMode: 1.
Narrow klass base: 0x0000000000000000, Narrow klass shift: 0, Narrow klass range: 0x0

GC Precious Log:
 CardTable entry size: 512
 Card Set container configuration: InlinePtr #cards 5 size 8 Array Of Cards #cards 12 size 40 Howl #buckets 4 coarsen threshold 1843 Howl Bitmap #cards 512 size 80 coarsen threshold 460 Card regions per heap region 1 cards per card region 2048

Heap:
 garbage-first heap   total 0K, used 0K [0x0000000083200000, 0x0000000100000000)
  region size 1024K, 0 young (0K), 0 survivors (0K)

[error occurred during error reporting (printing heap information), id 0xc0000005, EXCEPTION_ACCESS_VIOLATION (0xc0000005) at pc=0x00007ffb647a39f9]
GC Heap History (0 events):
No events

Dll operation events (1 events):
Event: 0.007 Loaded shared library C:\Program Files\Java\jdk-21\bin\java.dll

Deoptimization events (0 events):
No events

Classes loaded (0 events):
No events

Classes unloaded (0 events):
No events

Classes redefined (0 events):
No events

Internal exceptions (0 events):
No events

ZGC Phase Switch (0 events):
No events

VM Operations (0 events):
No events

Events (0 events):
No events


Dynamic libraries:
0x00007ff7019f0000 - 0x00007ff701a00000 	C:\Program Files\Java\jdk-21\bin\java.exe
0x00007ffbdefb0000 - 0x00007ffbdf1c7000 	C:\WINDOWS\SYSTEM32\ntdll.dll
0x00007ffbde2a0000 - 0x00007ffbde364000 	C:\WINDOWS\System32\KERNEL32.DLL
0x00007ffbdc950000 - 0x00007ffbdccf6000 	C:\WINDOWS\System32\KERNELBASE.dll
0x00007ffbd91a0000 - 0x00007ffbd9237000 	C:\WINDOWS\SYSTEM32\apphelp.dll
0x00007ffbdc360000 - 0x00007ffbdc471000 	C:\WINDOWS\System32\ucrtbase.dll
0x00007ffbd89e0000 - 0x00007ffbd89fb000 	C:\Program Files\Java\jdk-21\bin\VCRUNTIME140.dll
0x00007ffbc9d70000 - 0x00007ffbc9d89000 	C:\Program Files\Java\jdk-21\bin\jli.dll
0x00007ffbde6d0000 - 0x00007ffbde783000 	C:\WINDOWS\System32\ADVAPI32.dll
0x00007ffbde370000 - 0x00007ffbde417000 	C:\WINDOWS\System32\msvcrt.dll
0x00007ffbdec50000 - 0x00007ffbdecf8000 	C:\WINDOWS\System32\sechost.dll
0x00007ffbdc710000 - 0x00007ffbdc738000 	C:\WINDOWS\System32\bcrypt.dll
0x00007ffbdcd80000 - 0x00007ffbdce97000 	C:\WINDOWS\System32\RPCRT4.dll
0x00007ffbdea90000 - 0x00007ffbdec3e000 	C:\WINDOWS\System32\USER32.dll
0x00007ffbdc920000 - 0x00007ffbdc946000 	C:\WINDOWS\System32\win32u.dll
0x00007ffbdcea0000 - 0x00007ffbdcec9000 	C:\WINDOWS\System32\GDI32.dll
0x00007ffbdc480000 - 0x00007ffbdc598000 	C:\WINDOWS\System32\gdi32full.dll
0x00007ffbdc740000 - 0x00007ffbdc7da000 	C:\WINDOWS\System32\msvcp_win.dll
0x00007ffbc1780000 - 0x00007ffbc1a13000 	C:\WINDOWS\WinSxS\amd64_microsoft.windows.common-controls_6595b64144ccf1df_6.0.22621.2506_none_270c5ae97388e100\COMCTL32.dll
0x00007ffbccdc0000 - 0x00007ffbccdca000 	C:\WINDOWS\SYSTEM32\VERSION.dll
0x00007ffbded00000 - 0x00007ffbded31000 	C:\WINDOWS\System32\IMM32.DLL
0x00007ffbccbb0000 - 0x00007ffbccbbc000 	C:\Program Files\Java\jdk-21\bin\vcruntime140_1.dll
0x00007ffb8f1f0000 - 0x00007ffb8f27e000 	C:\Program Files\Java\jdk-21\bin\msvcp140.dll
0x00007ffb64080000 - 0x00007ffb64d97000 	C:\Program Files\Java\jdk-21\bin\server\jvm.dll
0x00007ffbdcee0000 - 0x00007ffbdcf51000 	C:\WINDOWS\System32\WS2_32.dll
0x00007ffbdc110000 - 0x00007ffbdc15d000 	C:\WINDOWS\SYSTEM32\POWRPROF.dll
0x00007ffbd20d0000 - 0x00007ffbd2104000 	C:\WINDOWS\SYSTEM32\WINMM.dll
0x00007ffbdbff0000 - 0x00007ffbdc003000 	C:\WINDOWS\SYSTEM32\UMPDC.dll
0x00007ffbdb300000 - 0x00007ffbdb318000 	C:\WINDOWS\SYSTEM32\kernel.appcore.dll
0x00007ffbc9fb0000 - 0x00007ffbc9fba000 	C:\Program Files\Java\jdk-21\bin\jimage.dll
0x00007ffbd9970000 - 0x00007ffbd9ba3000 	C:\WINDOWS\SYSTEM32\DBGHELP.DLL
0x00007ffbddf10000 - 0x00007ffbde299000 	C:\WINDOWS\System32\combase.dll
0x00007ffbdcf80000 - 0x00007ffbdd057000 	C:\WINDOWS\System32\OLEAUT32.dll
0x00007ffbb92f0000 - 0x00007ffbb9322000 	C:\WINDOWS\SYSTEM32\dbgcore.DLL
0x00007ffbdc7e0000 - 0x00007ffbdc85a000 	C:\WINDOWS\System32\bcryptPrimitives.dll
0x00007ffbc9f70000 - 0x00007ffbc9f8f000 	C:\Program Files\Java\jdk-21\bin\java.dll

dbghelp: loaded successfully - version: 4.0.5 - missing functions: none
symbol engine: initialized successfully - sym options: 0x614 - pdb path: .;C:\Program Files\Java\jdk-21\bin;C:\WINDOWS\SYSTEM32;C:\WINDOWS\WinSxS\amd64_microsoft.windows.common-controls_6595b64144ccf1df_6.0.22621.2506_none_270c5ae97388e100;C:\Program Files\Java\jdk-21\bin\server

VM Arguments:
jvm_args: -Dfile.encoding=UTF-8 --module-path=E:\Java Projects\Bank Management System\build\classes 
java_command: bank.management.system.SignupThree
java_class_path (initial): C:\Users\bazil\Downloads\ATM Simulator System-20240224T150651Z-001\ATM Simulator System\jcalendar-tz-1.3.3-4.jar;C:\Users\bazil\Downloads\ATM Simulator System-20240224T150651Z-001\ATM Simulator System\mysql-connector-java-8.0.28.jar;E:\Java Projects\Bank Management System\build\classes
Launcher Type: SUN_STANDARD

[Global flags]
     intx CICompilerCount                          = 3                                         {product} {ergonomic}
     uint ConcGCThreads                            = 1                                         {product} {ergonomic}
     uint G1ConcRefinementThreads                  = 4                                         {product} {ergonomic}
   size_t G1HeapRegionSize                         = 1048576                                   {product} {ergonomic}
    uintx GCDrainStackTargetSize                   = 64                                        {product} {ergonomic}
   size_t InitialHeapSize                          = 132120576                                 {product} {ergonomic}
   size_t MarkStackSize                            = 4194304                                   {product} {ergonomic}
   size_t MaxHeapSize                              = 2095054848                                {product} {ergonomic}
   size_t MinHeapDeltaBytes                        = 1048576                                   {product} {ergonomic}
   size_t MinHeapSize                              = 8388608                                   {product} {ergonomic}
    uintx NonNMethodCodeHeapSize                   = 5832780                                {pd product} {ergonomic}
    uintx NonProfiledCodeHeapSize                  = 122912730                              {pd product} {ergonomic}
    uintx ProfiledCodeHeapSize                     = 122912730                              {pd product} {ergonomic}
    uintx ReservedCodeCacheSize                    = 251658240                              {pd product} {ergonomic}
     bool SegmentedCodeCache                       = true                                      {product} {ergonomic}
   size_t SoftMaxHeapSize                          = 2095054848                             {manageable} {ergonomic}
     bool UseCompressedOops                        = true                           {product lp64_product} {ergonomic}
     bool UseG1GC                                  = true                                      {product} {ergonomic}
     bool UseLargePagesIndividualAllocation        = false                                  {pd product} {ergonomic}

Logging:
Log output configuration:
 #0: stdout all=warning uptime,level,tags foldmultilines=false
 #1: stderr all=off uptime,level,tags foldmultilines=false

Environment Variables:
JAVA_HOME=C:\Program Files\Java\jdk-20
CLASSPATH=C:\SQLite\sqlite-jdbc-3.40.0.0.jar
PATH=C:\Program Files\Common Files\Oracle\Java\javapath;C:\WINDOWS\system32;C:\WINDOWS;C:\WINDOWS\System32\Wbem;C:\WINDOWS\System32\WindowsPowerShell\v1.0\;C:\WINDOWS\System32\OpenSSH\;C:\MinGW\bin;C:\src\flutter\bin;C:\Program Files\Git\cmd;C:\Program Files\nodejs\;C:\Program Files\MongoDB\Server\7.0\bin;C:\Program Files\Java\jdk-21\bin;C:\Program Files\MySQL\MySQL Shell 8.0\bin\;C:\Users\bazil\AppData\Local\Microsoft\WindowsApps;C:\Users\bazil\AppData\Local\Programs\Microsoft VS Code\bin;C:\src\flutter\bin;C:\Users\bazil\AppData\Local\Programs\Hyper\resources\bin;C:\Users\bazil\AppData\Roaming\npm;C:\Program Files\heroku\bin;;C:\Users\bazil\AppData\Local\JetBrains\IntelliJ IDEA 2023.3.4\bin;;C:\Program Files\JetBrains\IntelliJ IDEA Community Edition 2023.3.4\bin;
USERNAME=bazil
OS=Windows_NT
PROCESSOR_IDENTIFIER=Intel64 Family 6 Model 140 Stepping 1, GenuineIntel
TMP=C:\Users\bazil\AppData\Local\Temp
TEMP=C:\Users\bazil\AppData\Local\Temp




Periodic native trim disabled

---------------  S Y S T E M  ---------------

OS:
 Windows 11 , 64 bit Build 22621 (10.0.22621.3085)
OS uptime: 6 days 0:10 hours
Hyper-V role detected

CPU: total 4 (initial active 4) (2 cores per cpu, 2 threads per core) family 6 model 140 stepping 1 microcode 0x9a, cx8, cmov, fxsr, ht, mmx, 3dnowpref, sse, sse2, sse3, ssse3, sse4.1, sse4.2, popcnt, lzcnt, tsc, tscinvbit, avx, avx2, aes, erms, clmul, bmi1, bmi2, adx, avx512f, avx512dq, avx512cd, avx512bw, avx512vl, sha, fma, vzeroupper, avx512_vpopcntdq, avx512_vpclmulqdq, avx512_vaes, avx512_vnni, clflush, clflushopt, clwb, avx512_vbmi2, avx512_vbmi, hv, rdtscp, rdpid, fsrm, gfni, avx512_bitalg, f16c, cet_ibt, cet_ss, avx512_ifma
Processor Information for all 4 processors :
  Max Mhz: 2995, Current Mhz: 2995, Mhz Limit: 2995

Memory: 4k page, system-wide physical 7991M (424M free)
TotalPageFile size 32567M (AvailPageFile size 82M)
current process WorkingSet (physical memory assigned to process): 12M, peak: 12M
current process commit charge ("private bytes"): 52M, peak: 178M

vm_info: Java HotSpot(TM) 64-Bit Server VM (21.0.2+13-LTS-58) for windows-amd64 JRE (21.0.2+13-LTS-58), built on 2024-01-05T18:32:24Z by "mach5one" with MS VC++ 17.1 (VS2022)

END.
